{"contracts/Funding.sol":{"l":{"13":16,"14":16,"15":16,"19":5,"20":3,"24":3,"25":1,"29":5,"30":3,"34":15,"35":13,"39":7,"40":5,"44":3,"45":3,"47":1,"48":1,"52":24,"57":13,"58":13,"62":8,"67":1},"path":"/Users/Beth/Testing/contracts/Funding.sol","s":{"1":16,"2":16,"3":16,"4":5,"5":3,"6":5,"7":15,"8":7,"9":3,"10":3,"11":1,"12":1,"13":24,"14":13,"15":13,"16":8,"17":1},"b":{"1":[3,2],"2":[1,2],"3":[3,2],"4":[13,2],"5":[5,2],"6":[1,2]},"f":{"1":16,"2":5,"3":3,"4":5,"5":15,"6":7,"7":3,"8":24,"9":13,"10":8,"11":1},"fnMap":{"1":{"name":"constructor","line":12,"loc":{"start":{"line":12,"column":4},"end":{"line":12,"column":48}}},"2":{"name":"onlyOwner","line":18,"loc":{"start":{"line":18,"column":4},"end":{"line":18,"column":22}}},"3":{"name":"onlyFunded","line":23,"loc":{"start":{"line":23,"column":4},"end":{"line":23,"column":23}}},"4":{"name":"onlyNotFunded","line":28,"loc":{"start":{"line":28,"column":4},"end":{"line":28,"column":26}}},"5":{"name":"onlyNotFinished","line":33,"loc":{"start":{"line":33,"column":4},"end":{"line":33,"column":28}}},"6":{"name":"onlyFinished","line":38,"loc":{"start":{"line":38,"column":4},"end":{"line":38,"column":25}}},"7":{"name":"refund","line":43,"loc":{"start":{"line":43,"column":4},"end":{"line":43,"column":53}}},"8":{"name":"isFinished","line":51,"loc":{"start":{"line":51,"column":4},"end":{"line":51,"column":49}}},"9":{"name":"donate","line":55,"loc":{"start":{"line":55,"column":4},"end":{"line":55,"column":50}}},"10":{"name":"isFunded","line":61,"loc":{"start":{"line":61,"column":4},"end":{"line":61,"column":48}}},"11":{"name":"withdraw","line":65,"loc":{"start":{"line":65,"column":4},"end":{"line":65,"column":49}}}},"statementMap":{"1":{"start":{"line":13,"column":6},"end":{"line":13,"column":23}},"2":{"start":{"line":14,"column":6},"end":{"line":14,"column":33}},"3":{"start":{"line":15,"column":6},"end":{"line":15,"column":17}},"4":{"start":{"line":19,"column":10},"end":{"line":19,"column":62}},"5":{"start":{"line":24,"column":8},"end":{"line":24,"column":40}},"6":{"start":{"line":29,"column":8},"end":{"line":29,"column":40}},"7":{"start":{"line":34,"column":8},"end":{"line":34,"column":66}},"8":{"start":{"line":39,"column":8},"end":{"line":39,"column":73}},"9":{"start":{"line":44,"column":8},"end":{"line":44,"column":42}},"10":{"start":{"line":45,"column":8},"end":{"line":45,"column":60}},"11":{"start":{"line":47,"column":8},"end":{"line":47,"column":31}},"12":{"start":{"line":48,"column":8},"end":{"line":48,"column":34}},"13":{"start":{"line":52,"column":8},"end":{"line":52,"column":32}},"14":{"start":{"line":57,"column":8},"end":{"line":57,"column":40}},"15":{"start":{"line":58,"column":8},"end":{"line":58,"column":26}},"16":{"start":{"line":62,"column":8},"end":{"line":62,"column":29}},"17":{"start":{"line":67,"column":8},"end":{"line":67,"column":44}}},"branchMap":{"1":{"line":19,"type":"if","locations":[{"start":{"line":19,"column":10},"end":{"line":19,"column":10}},{"start":{"line":19,"column":10},"end":{"line":19,"column":10}}]},"2":{"line":24,"type":"if","locations":[{"start":{"line":24,"column":8},"end":{"line":24,"column":8}},{"start":{"line":24,"column":8},"end":{"line":24,"column":8}}]},"3":{"line":29,"type":"if","locations":[{"start":{"line":29,"column":8},"end":{"line":29,"column":8}},{"start":{"line":29,"column":8},"end":{"line":29,"column":8}}]},"4":{"line":34,"type":"if","locations":[{"start":{"line":34,"column":8},"end":{"line":34,"column":8}},{"start":{"line":34,"column":8},"end":{"line":34,"column":8}}]},"5":{"line":39,"type":"if","locations":[{"start":{"line":39,"column":8},"end":{"line":39,"column":8}},{"start":{"line":39,"column":8},"end":{"line":39,"column":8}}]},"6":{"line":45,"type":"if","locations":[{"start":{"line":45,"column":8},"end":{"line":45,"column":8}},{"start":{"line":45,"column":8},"end":{"line":45,"column":8}}]}}}}