TN:
SF:/Users/Beth/Testing/contracts/Funding.sol
FN:12,constructor
FN:18,onlyOwner
FN:23,onlyFunded
FN:28,onlyNotFunded
FN:33,onlyNotFinished
FN:38,onlyFinished
FN:43,refund
FN:51,isFinished
FN:55,donate
FN:61,isFunded
FN:65,withdraw
FNF:11
FNH:11
FNDA:16,constructor
FNDA:5,onlyOwner
FNDA:3,onlyFunded
FNDA:5,onlyNotFunded
FNDA:15,onlyNotFinished
FNDA:7,onlyFinished
FNDA:3,refund
FNDA:24,isFinished
FNDA:13,donate
FNDA:8,isFunded
FNDA:1,withdraw
DA:13,16
DA:14,16
DA:15,16
DA:19,5
DA:20,3
DA:24,3
DA:25,1
DA:29,5
DA:30,3
DA:34,15
DA:35,13
DA:39,7
DA:40,5
DA:44,3
DA:45,3
DA:47,1
DA:48,1
DA:52,24
DA:57,13
DA:58,13
DA:62,8
DA:67,1
LF:22
LH:22
BRDA:19,1,0,3
BRDA:19,1,1,2
BRDA:24,2,0,1
BRDA:24,2,1,2
BRDA:29,3,0,3
BRDA:29,3,1,2
BRDA:34,4,0,13
BRDA:34,4,1,2
BRDA:39,5,0,5
BRDA:39,5,1,2
BRDA:45,6,0,1
BRDA:45,6,1,2
BRF:12
BRH:12
end_of_record
